<?xml version="1.0" encoding="UTF-8"?>
<testsuite xmlns:xsi="http://www.w3.org/2001/XMLSchema-instance" xsi:noNamespaceSchemaLocation="https://maven.apache.org/surefire/maven-surefire-plugin/xsd/surefire-test-report-3.0.xsd" version="3.0" name="com.ecommerce.runner.TestRunner" time="395.422" tests="13" errors="0" skipped="0" failures="1">
  <properties>
    <property name="java.specification.version" value="17"/>
    <property name="sun.cpu.isalist" value="amd64"/>
    <property name="sun.jnu.encoding" value="Cp1252"/>
    <property name="java.class.path" value="A:\BDDProjects\ecommerce\target\test-classes;A:\BDDProjects\ecommerce\target\classes;C:\Users\Santosh Sharma\.m2\repository\org\seleniumhq\selenium\selenium-java\4.12.1\selenium-java-4.12.1.jar;C:\Users\Santosh Sharma\.m2\repository\org\seleniumhq\selenium\selenium-api\4.12.1\selenium-api-4.12.1.jar;C:\Users\Santosh Sharma\.m2\repository\org\seleniumhq\selenium\selenium-chrome-driver\4.12.1\selenium-chrome-driver-4.12.1.jar;C:\Users\Santosh Sharma\.m2\repository\com\google\auto\service\auto-service-annotations\1.1.1\auto-service-annotations-1.1.1.jar;C:\Users\Santosh Sharma\.m2\repository\com\google\guava\guava\32.1.2-jre\guava-32.1.2-jre.jar;C:\Users\Santosh Sharma\.m2\repository\com\google\guava\failureaccess\1.0.1\failureaccess-1.0.1.jar;C:\Users\Santosh Sharma\.m2\repository\com\google\guava\listenablefuture\9999.0-empty-to-avoid-conflict-with-guava\listenablefuture-9999.0-empty-to-avoid-conflict-with-guava.jar;C:\Users\Santosh Sharma\.m2\repository\com\google\code\findbugs\jsr305\3.0.2\jsr305-3.0.2.jar;C:\Users\Santosh Sharma\.m2\repository\org\checkerframework\checker-qual\3.33.0\checker-qual-3.33.0.jar;C:\Users\Santosh Sharma\.m2\repository\com\google\errorprone\error_prone_annotations\2.18.0\error_prone_annotations-2.18.0.jar;C:\Users\Santosh Sharma\.m2\repository\com\google\j2objc\j2objc-annotations\2.8\j2objc-annotations-2.8.jar;C:\Users\Santosh Sharma\.m2\repository\org\seleniumhq\selenium\selenium-chromium-driver\4.12.1\selenium-chromium-driver-4.12.1.jar;C:\Users\Santosh Sharma\.m2\repository\org\seleniumhq\selenium\selenium-json\4.12.1\selenium-json-4.12.1.jar;C:\Users\Santosh Sharma\.m2\repository\org\seleniumhq\selenium\selenium-manager\4.12.1\selenium-manager-4.12.1.jar;C:\Users\Santosh Sharma\.m2\repository\org\seleniumhq\selenium\selenium-devtools-v114\4.12.1\selenium-devtools-v114-4.12.1.jar;C:\Users\Santosh Sharma\.m2\repository\org\seleniumhq\selenium\selenium-devtools-v115\4.12.1\selenium-devtools-v115-4.12.1.jar;C:\Users\Santosh Sharma\.m2\repository\org\seleniumhq\selenium\selenium-devtools-v116\4.12.1\selenium-devtools-v116-4.12.1.jar;C:\Users\Santosh Sharma\.m2\repository\org\seleniumhq\selenium\selenium-devtools-v85\4.12.1\selenium-devtools-v85-4.12.1.jar;C:\Users\Santosh Sharma\.m2\repository\org\seleniumhq\selenium\selenium-edge-driver\4.12.1\selenium-edge-driver-4.12.1.jar;C:\Users\Santosh Sharma\.m2\repository\org\seleniumhq\selenium\selenium-firefox-driver\4.12.1\selenium-firefox-driver-4.12.1.jar;C:\Users\Santosh Sharma\.m2\repository\org\seleniumhq\selenium\selenium-http\4.12.1\selenium-http-4.12.1.jar;C:\Users\Santosh Sharma\.m2\repository\dev\failsafe\failsafe\3.3.2\failsafe-3.3.2.jar;C:\Users\Santosh Sharma\.m2\repository\org\seleniumhq\selenium\selenium-ie-driver\4.12.1\selenium-ie-driver-4.12.1.jar;C:\Users\Santosh Sharma\.m2\repository\org\seleniumhq\selenium\selenium-remote-driver\4.12.1\selenium-remote-driver-4.12.1.jar;C:\Users\Santosh Sharma\.m2\repository\io\netty\netty-buffer\4.1.96.Final\netty-buffer-4.1.96.Final.jar;C:\Users\Santosh Sharma\.m2\repository\io\netty\netty-codec-http\4.1.96.Final\netty-codec-http-4.1.96.Final.jar;C:\Users\Santosh Sharma\.m2\repository\io\netty\netty-codec\4.1.96.Final\netty-codec-4.1.96.Final.jar;C:\Users\Santosh Sharma\.m2\repository\io\netty\netty-handler\4.1.96.Final\netty-handler-4.1.96.Final.jar;C:\Users\Santosh Sharma\.m2\repository\io\netty\netty-common\4.1.96.Final\netty-common-4.1.96.Final.jar;C:\Users\Santosh Sharma\.m2\repository\io\netty\netty-transport-classes-epoll\4.1.96.Final\netty-transport-classes-epoll-4.1.96.Final.jar;C:\Users\Santosh Sharma\.m2\repository\io\netty\netty-transport-classes-kqueue\4.1.96.Final\netty-transport-classes-kqueue-4.1.96.Final.jar;C:\Users\Santosh Sharma\.m2\repository\io\netty\netty-transport-native-epoll\4.1.96.Final\netty-transport-native-epoll-4.1.96.Final.jar;C:\Users\Santosh Sharma\.m2\repository\io\netty\netty-transport-native-kqueue\4.1.96.Final\netty-transport-native-kqueue-4.1.96.Final.jar;C:\Users\Santosh Sharma\.m2\repository\io\netty\netty-transport-native-unix-common\4.1.96.Final\netty-transport-native-unix-common-4.1.96.Final.jar;C:\Users\Santosh Sharma\.m2\repository\io\netty\netty-transport\4.1.96.Final\netty-transport-4.1.96.Final.jar;C:\Users\Santosh Sharma\.m2\repository\io\netty\netty-resolver\4.1.96.Final\netty-resolver-4.1.96.Final.jar;C:\Users\Santosh Sharma\.m2\repository\io\opentelemetry\opentelemetry-api\1.28.0\opentelemetry-api-1.28.0.jar;C:\Users\Santosh Sharma\.m2\repository\io\opentelemetry\opentelemetry-context\1.28.0\opentelemetry-context-1.28.0.jar;C:\Users\Santosh Sharma\.m2\repository\io\opentelemetry\opentelemetry-exporter-logging\1.28.0\opentelemetry-exporter-logging-1.28.0.jar;C:\Users\Santosh Sharma\.m2\repository\io\opentelemetry\opentelemetry-sdk-metrics\1.28.0\opentelemetry-sdk-metrics-1.28.0.jar;C:\Users\Santosh Sharma\.m2\repository\io\opentelemetry\opentelemetry-extension-incubator\1.28.0-alpha\opentelemetry-extension-incubator-1.28.0-alpha.jar;C:\Users\Santosh Sharma\.m2\repository\io\opentelemetry\opentelemetry-sdk-logs\1.28.0\opentelemetry-sdk-logs-1.28.0.jar;C:\Users\Santosh Sharma\.m2\repository\io\opentelemetry\opentelemetry-sdk-common\1.28.0\opentelemetry-sdk-common-1.28.0.jar;C:\Users\Santosh Sharma\.m2\repository\io\opentelemetry\opentelemetry-sdk-extension-autoconfigure-spi\1.28.0\opentelemetry-sdk-extension-autoconfigure-spi-1.28.0.jar;C:\Users\Santosh Sharma\.m2\repository\io\opentelemetry\opentelemetry-sdk-extension-autoconfigure\1.28.0\opentelemetry-sdk-extension-autoconfigure-1.28.0.jar;C:\Users\Santosh Sharma\.m2\repository\io\opentelemetry\opentelemetry-api-events\1.28.0-alpha\opentelemetry-api-events-1.28.0-alpha.jar;C:\Users\Santosh Sharma\.m2\repository\io\opentelemetry\opentelemetry-sdk-trace\1.28.0\opentelemetry-sdk-trace-1.28.0.jar;C:\Users\Santosh Sharma\.m2\repository\io\opentelemetry\opentelemetry-sdk\1.28.0\opentelemetry-sdk-1.28.0.jar;C:\Users\Santosh Sharma\.m2\repository\io\opentelemetry\opentelemetry-semconv\1.28.0-alpha\opentelemetry-semconv-1.28.0-alpha.jar;C:\Users\Santosh Sharma\.m2\repository\net\bytebuddy\byte-buddy\1.14.5\byte-buddy-1.14.5.jar;C:\Users\Santosh Sharma\.m2\repository\org\asynchttpclient\async-http-client\2.12.3\async-http-client-2.12.3.jar;C:\Users\Santosh Sharma\.m2\repository\org\asynchttpclient\async-http-client-netty-utils\2.12.3\async-http-client-netty-utils-2.12.3.jar;C:\Users\Santosh Sharma\.m2\repository\io\netty\netty-codec-socks\4.1.60.Final\netty-codec-socks-4.1.60.Final.jar;C:\Users\Santosh Sharma\.m2\repository\io\netty\netty-handler-proxy\4.1.60.Final\netty-handler-proxy-4.1.60.Final.jar;C:\Users\Santosh Sharma\.m2\repository\io\netty\netty-transport-native-epoll\4.1.60.Final\netty-transport-native-epoll-4.1.60.Final-linux-x86_64.jar;C:\Users\Santosh Sharma\.m2\repository\io\netty\netty-transport-native-kqueue\4.1.60.Final\netty-transport-native-kqueue-4.1.60.Final-osx-x86_64.jar;C:\Users\Santosh Sharma\.m2\repository\org\reactivestreams\reactive-streams\1.0.3\reactive-streams-1.0.3.jar;C:\Users\Santosh Sharma\.m2\repository\com\typesafe\netty\netty-reactive-streams\2.0.4\netty-reactive-streams-2.0.4.jar;C:\Users\Santosh Sharma\.m2\repository\com\sun\activation\jakarta.activation\1.2.2\jakarta.activation-1.2.2.jar;C:\Users\Santosh Sharma\.m2\repository\org\seleniumhq\selenium\selenium-os\4.12.1\selenium-os-4.12.1.jar;C:\Users\Santosh Sharma\.m2\repository\org\apache\commons\commons-exec\1.3\commons-exec-1.3.jar;C:\Users\Santosh Sharma\.m2\repository\org\seleniumhq\selenium\selenium-safari-driver\4.12.1\selenium-safari-driver-4.12.1.jar;C:\Users\Santosh Sharma\.m2\repository\org\seleniumhq\selenium\selenium-support\4.12.1\selenium-support-4.12.1.jar;C:\Users\Santosh Sharma\.m2\repository\io\cucumber\cucumber-java\7.14.0\cucumber-java-7.14.0.jar;C:\Users\Santosh Sharma\.m2\repository\org\apiguardian\apiguardian-api\1.1.2\apiguardian-api-1.1.2.jar;C:\Users\Santosh Sharma\.m2\repository\io\github\bonigarcia\webdrivermanager\5.5.3\webdrivermanager-5.5.3.jar;C:\Users\Santosh Sharma\.m2\repository\org\slf4j\slf4j-api\2.0.7\slf4j-api-2.0.7.jar;C:\Users\Santosh Sharma\.m2\repository\com\google\code\gson\gson\2.10.1\gson-2.10.1.jar;C:\Users\Santosh Sharma\.m2\repository\com\github\docker-java\docker-java\3.3.3\docker-java-3.3.3.jar;C:\Users\Santosh Sharma\.m2\repository\com\github\docker-java\docker-java-core\3.3.3\docker-java-core-3.3.3.jar;C:\Users\Santosh Sharma\.m2\repository\com\github\docker-java\docker-java-api\3.3.3\docker-java-api-3.3.3.jar;C:\Users\Santosh Sharma\.m2\repository\org\apache\commons\commons-compress\1.21\commons-compress-1.21.jar;C:\Users\Santosh Sharma\.m2\repository\org\bouncycastle\bcpkix-jdk18on\1.75\bcpkix-jdk18on-1.75.jar;C:\Users\Santosh Sharma\.m2\repository\org\bouncycastle\bcprov-jdk18on\1.75\bcprov-jdk18on-1.75.jar;C:\Users\Santosh Sharma\.m2\repository\org\bouncycastle\bcutil-jdk18on\1.75\bcutil-jdk18on-1.75.jar;C:\Users\Santosh Sharma\.m2\repository\org\slf4j\jcl-over-slf4j\1.7.30\jcl-over-slf4j-1.7.30.jar;C:\Users\Santosh Sharma\.m2\repository\com\github\docker-java\docker-java-transport-httpclient5\3.3.3\docker-java-transport-httpclient5-3.3.3.jar;C:\Users\Santosh Sharma\.m2\repository\com\github\docker-java\docker-java-transport\3.3.3\docker-java-transport-3.3.3.jar;C:\Users\Santosh Sharma\.m2\repository\net\java\dev\jna\jna\5.12.1\jna-5.12.1.jar;C:\Users\Santosh Sharma\.m2\repository\org\brotli\dec\0.1.2\dec-0.1.2.jar;C:\Users\Santosh Sharma\.m2\repository\org\apache\commons\commons-lang3\3.13.0\commons-lang3-3.13.0.jar;C:\Users\Santosh Sharma\.m2\repository\org\apache\httpcomponents\client5\httpclient5\5.2.1\httpclient5-5.2.1.jar;C:\Users\Santosh Sharma\.m2\repository\org\apache\httpcomponents\core5\httpcore5\5.2\httpcore5-5.2.jar;C:\Users\Santosh Sharma\.m2\repository\org\apache\httpcomponents\core5\httpcore5-h2\5.2\httpcore5-h2-5.2.jar;C:\Users\Santosh Sharma\.m2\repository\io\cucumber\cucumber-core\7.14.0\cucumber-core-7.14.0.jar;C:\Users\Santosh Sharma\.m2\repository\io\cucumber\cucumber-gherkin\7.14.0\cucumber-gherkin-7.14.0.jar;C:\Users\Santosh Sharma\.m2\repository\io\cucumber\cucumber-gherkin-messages\7.14.0\cucumber-gherkin-messages-7.14.0.jar;C:\Users\Santosh Sharma\.m2\repository\io\cucumber\messages\22.0.0\messages-22.0.0.jar;C:\Users\Santosh Sharma\.m2\repository\io\cucumber\tag-expressions\5.0.6\tag-expressions-5.0.6.jar;C:\Users\Santosh Sharma\.m2\repository\io\cucumber\cucumber-expressions\16.1.2\cucumber-expressions-16.1.2.jar;C:\Users\Santosh Sharma\.m2\repository\io\cucumber\datatable\7.14.0\datatable-7.14.0.jar;C:\Users\Santosh Sharma\.m2\repository\io\cucumber\cucumber-plugin\7.14.0\cucumber-plugin-7.14.0.jar;C:\Users\Santosh Sharma\.m2\repository\io\cucumber\docstring\7.14.0\docstring-7.14.0.jar;C:\Users\Santosh Sharma\.m2\repository\io\cucumber\html-formatter\20.4.0\html-formatter-20.4.0.jar;C:\Users\Santosh Sharma\.m2\repository\io\cucumber\junit-xml-formatter\0.2.0\junit-xml-formatter-0.2.0.jar;C:\Users\Santosh Sharma\.m2\repository\io\cucumber\ci-environment\9.2.0\ci-environment-9.2.0.jar;C:\Users\Santosh Sharma\.m2\repository\io\cucumber\cucumber-html\0.2.7\cucumber-html-0.2.7.jar;C:\Users\Santosh Sharma\.m2\repository\io\cucumber\cucumber-junit\7.14.0\cucumber-junit-7.14.0.jar;C:\Users\Santosh Sharma\.m2\repository\junit\junit\4.13.2\junit-4.13.2.jar;C:\Users\Santosh Sharma\.m2\repository\org\hamcrest\hamcrest-core\1.3\hamcrest-core-1.3.jar;C:\Users\Santosh Sharma\.m2\repository\net\masterthought\cucumber-reporting\5.7.5\cucumber-reporting-5.7.5.jar;C:\Users\Santosh Sharma\.m2\repository\com\fasterxml\jackson\core\jackson-databind\2.13.2.2\jackson-databind-2.13.2.2.jar;C:\Users\Santosh Sharma\.m2\repository\com\fasterxml\jackson\core\jackson-annotations\2.13.2\jackson-annotations-2.13.2.jar;C:\Users\Santosh Sharma\.m2\repository\com\fasterxml\jackson\core\jackson-core\2.13.2\jackson-core-2.13.2.jar;C:\Users\Santosh Sharma\.m2\repository\com\fasterxml\jackson\datatype\jackson-datatype-jsr310\2.13.2\jackson-datatype-jsr310-2.13.2.jar;C:\Users\Santosh Sharma\.m2\repository\org\apache\velocity\velocity-engine-core\2.3\velocity-engine-core-2.3.jar;C:\Users\Santosh Sharma\.m2\repository\org\apache\commons\commons-collections4\4.4\commons-collections4-4.4.jar;C:\Users\Santosh Sharma\.m2\repository\joda-time\joda-time\2.12.2\joda-time-2.12.2.jar;C:\Users\Santosh Sharma\.m2\repository\commons-io\commons-io\2.7\commons-io-2.7.jar;C:\Users\Santosh Sharma\.m2\repository\org\codehaus\plexus\plexus-utils\3.5.0\plexus-utils-3.5.0.jar;C:\Users\Santosh Sharma\.m2\repository\org\jsoup\jsoup\1.15.4\jsoup-1.15.4.jar;C:\Users\Santosh Sharma\.m2\repository\com\googlecode\owasp-java-html-sanitizer\owasp-java-html-sanitizer\20220608.1\owasp-java-html-sanitizer-20220608.1.jar;C:\Users\Santosh Sharma\.m2\repository\commons-configuration\commons-configuration\1.10\commons-configuration-1.10.jar;C:\Users\Santosh Sharma\.m2\repository\commons-lang\commons-lang\2.6\commons-lang-2.6.jar;C:\Users\Santosh Sharma\.m2\repository\commons-logging\commons-logging\1.1.1\commons-logging-1.1.1.jar;C:\Users\Santosh Sharma\.m2\repository\io\cucumber\gherkin\26.2.0\gherkin-26.2.0.jar;C:\Users\Santosh Sharma\.m2\repository\com\github\javafaker\javafaker\1.0.2\javafaker-1.0.2.jar;C:\Users\Santosh Sharma\.m2\repository\org\yaml\snakeyaml\1.23\snakeyaml-1.23-android.jar;C:\Users\Santosh Sharma\.m2\repository\com\github\mifmif\generex\1.0.2\generex-1.0.2.jar;C:\Users\Santosh Sharma\.m2\repository\dk\brics\automaton\automaton\1.11-8\automaton-1.11-8.jar;C:\Users\Santosh Sharma\.m2\repository\tech\grasshopper\extentreports-cucumber7-adapter\1.14.0\extentreports-cucumber7-adapter-1.14.0.jar;C:\Users\Santosh Sharma\.m2\repository\com\aventstack\extentreports\5.1.0\extentreports-5.1.0.jar;C:\Users\Santosh Sharma\.m2\repository\io\reactivex\rxjava3\rxjava\3.1.6\rxjava-3.1.6.jar;C:\Users\Santosh Sharma\.m2\repository\org\freemarker\freemarker\2.3.32\freemarker-2.3.32.jar;C:\Users\Santosh Sharma\.m2\repository\org\projectlombok\lombok\1.18.26\lombok-1.18.26.jar;C:\Users\Santosh Sharma\.m2\repository\tech\grasshopper\extent-pdf-report\2.12.0\extent-pdf-report-2.12.0.jar;C:\Users\Santosh Sharma\.m2\repository\tech\grasshopper\cucumber-pdf-report\2.14.0\cucumber-pdf-report-2.14.0.jar;C:\Users\Santosh Sharma\.m2\repository\org\apache\pdfbox\pdfbox\2.0.26\pdfbox-2.0.26.jar;C:\Users\Santosh Sharma\.m2\repository\org\apache\pdfbox\fontbox\2.0.26\fontbox-2.0.26.jar;C:\Users\Santosh Sharma\.m2\repository\org\knowm\xchart\xchart\3.8.0\xchart-3.8.0.jar;C:\Users\Santosh Sharma\.m2\repository\de\erichseifert\vectorgraphics2d\VectorGraphics2D\0.13\VectorGraphics2D-0.13.jar;C:\Users\Santosh Sharma\.m2\repository\de\rototor\pdfbox\graphics2d\0.30\graphics2d-0.30.jar;C:\Users\Santosh Sharma\.m2\repository\com\madgag\animated-gif-lib\1.4\animated-gif-lib-1.4.jar;C:\Users\Santosh Sharma\.m2\repository\org\yaml\snakeyaml\2.0\snakeyaml-2.0.jar;C:\Users\Santosh Sharma\.m2\repository\tech\grasshopper\table-layout\1.5.1\table-layout-1.5.1.jar;C:\Users\Santosh Sharma\.m2\repository\tech\grasshopper\rest-assured-cucumber-pdf-report\1.5.0\rest-assured-cucumber-pdf-report-1.5.0.jar;C:\Users\Santosh Sharma\.m2\repository\com\aventstack\klov-reporter\5.1.0\klov-reporter-5.1.0.jar;C:\Users\Santosh Sharma\.m2\repository\org\mongodb\mongodb-driver\3.6.4\mongodb-driver-3.6.4.jar;C:\Users\Santosh Sharma\.m2\repository\org\mongodb\mongodb-driver-core\3.6.4\mongodb-driver-core-3.6.4.jar;C:\Users\Santosh Sharma\.m2\repository\org\mongodb\bson\3.6.4\bson-3.6.4.jar;C:\Users\Santosh Sharma\.m2\repository\org\apache\httpcomponents\httpclient\4.5.13\httpclient-4.5.13.jar;C:\Users\Santosh Sharma\.m2\repository\org\apache\httpcomponents\httpcore\4.4.13\httpcore-4.4.13.jar;C:\Users\Santosh Sharma\.m2\repository\commons-codec\commons-codec\1.11\commons-codec-1.11.jar;C:\Users\Santosh Sharma\.m2\repository\org\apache\httpcomponents\httpmime\4.5.13\httpmime-4.5.13.jar;C:\Users\Santosh Sharma\.m2\repository\tech\grasshopper\htmlextentreporter\1.1.0\htmlextentreporter-1.1.0.jar;C:\Users\Santosh Sharma\.m2\repository\tech\grasshopper\extent-excel-report\1.4.0\extent-excel-report-1.4.0.jar;C:\Users\Santosh Sharma\.m2\repository\org\apache\poi\poi\5.2.3\poi-5.2.3.jar;C:\Users\Santosh Sharma\.m2\repository\org\apache\commons\commons-math3\3.6.1\commons-math3-3.6.1.jar;C:\Users\Santosh Sharma\.m2\repository\com\zaxxer\SparseBitSet\1.2\SparseBitSet-1.2.jar;C:\Users\Santosh Sharma\.m2\repository\org\apache\logging\log4j\log4j-api\2.18.0\log4j-api-2.18.0.jar;C:\Users\Santosh Sharma\.m2\repository\org\apache\poi\poi-ooxml\5.2.3\poi-ooxml-5.2.3.jar;C:\Users\Santosh Sharma\.m2\repository\org\apache\poi\poi-ooxml-lite\5.2.3\poi-ooxml-lite-5.2.3.jar;C:\Users\Santosh Sharma\.m2\repository\org\apache\xmlbeans\xmlbeans\5.1.1\xmlbeans-5.1.1.jar;C:\Users\Santosh Sharma\.m2\repository\com\github\virtuald\curvesapi\1.07\curvesapi-1.07.jar;"/>
    <property name="java.vm.vendor" value="Oracle Corporation"/>
    <property name="sun.arch.data.model" value="64"/>
    <property name="user.variant" value=""/>
    <property name="java.vendor.url" value="https://java.oracle.com/"/>
    <property name="user.timezone" value="Asia/Calcutta"/>
    <property name="os.name" value="Windows 10"/>
    <property name="java.vm.specification.version" value="17"/>
    <property name="sun.java.launcher" value="SUN_STANDARD"/>
    <property name="user.country" value="IN"/>
    <property name="sun.boot.library.path" value="C:\Program Files\Java\jdk-17.0.3.1\bin"/>
    <property name="sun.java.command" value="C:\Users\Santosh Sharma\AppData\Local\Temp\surefire13792299128491786255\surefirebooter-20231114134130377_3.jar C:\Users\Santosh Sharma\AppData\Local\Temp\surefire13792299128491786255 2023-11-14T13-41-30_059-jvmRun1 surefire-20231114134130377_1tmp surefire_0-20231114134130377_2tmp"/>
    <property name="jdk.debug" value="release"/>
    <property name="surefire.test.class.path" value="A:\BDDProjects\ecommerce\target\test-classes;A:\BDDProjects\ecommerce\target\classes;C:\Users\Santosh Sharma\.m2\repository\org\seleniumhq\selenium\selenium-java\4.12.1\selenium-java-4.12.1.jar;C:\Users\Santosh Sharma\.m2\repository\org\seleniumhq\selenium\selenium-api\4.12.1\selenium-api-4.12.1.jar;C:\Users\Santosh Sharma\.m2\repository\org\seleniumhq\selenium\selenium-chrome-driver\4.12.1\selenium-chrome-driver-4.12.1.jar;C:\Users\Santosh Sharma\.m2\repository\com\google\auto\service\auto-service-annotations\1.1.1\auto-service-annotations-1.1.1.jar;C:\Users\Santosh Sharma\.m2\repository\com\google\guava\guava\32.1.2-jre\guava-32.1.2-jre.jar;C:\Users\Santosh Sharma\.m2\repository\com\google\guava\failureaccess\1.0.1\failureaccess-1.0.1.jar;C:\Users\Santosh Sharma\.m2\repository\com\google\guava\listenablefuture\9999.0-empty-to-avoid-conflict-with-guava\listenablefuture-9999.0-empty-to-avoid-conflict-with-guava.jar;C:\Users\Santosh Sharma\.m2\repository\com\google\code\findbugs\jsr305\3.0.2\jsr305-3.0.2.jar;C:\Users\Santosh Sharma\.m2\repository\org\checkerframework\checker-qual\3.33.0\checker-qual-3.33.0.jar;C:\Users\Santosh Sharma\.m2\repository\com\google\errorprone\error_prone_annotations\2.18.0\error_prone_annotations-2.18.0.jar;C:\Users\Santosh Sharma\.m2\repository\com\google\j2objc\j2objc-annotations\2.8\j2objc-annotations-2.8.jar;C:\Users\Santosh Sharma\.m2\repository\org\seleniumhq\selenium\selenium-chromium-driver\4.12.1\selenium-chromium-driver-4.12.1.jar;C:\Users\Santosh Sharma\.m2\repository\org\seleniumhq\selenium\selenium-json\4.12.1\selenium-json-4.12.1.jar;C:\Users\Santosh Sharma\.m2\repository\org\seleniumhq\selenium\selenium-manager\4.12.1\selenium-manager-4.12.1.jar;C:\Users\Santosh Sharma\.m2\repository\org\seleniumhq\selenium\selenium-devtools-v114\4.12.1\selenium-devtools-v114-4.12.1.jar;C:\Users\Santosh Sharma\.m2\repository\org\seleniumhq\selenium\selenium-devtools-v115\4.12.1\selenium-devtools-v115-4.12.1.jar;C:\Users\Santosh Sharma\.m2\repository\org\seleniumhq\selenium\selenium-devtools-v116\4.12.1\selenium-devtools-v116-4.12.1.jar;C:\Users\Santosh Sharma\.m2\repository\org\seleniumhq\selenium\selenium-devtools-v85\4.12.1\selenium-devtools-v85-4.12.1.jar;C:\Users\Santosh Sharma\.m2\repository\org\seleniumhq\selenium\selenium-edge-driver\4.12.1\selenium-edge-driver-4.12.1.jar;C:\Users\Santosh Sharma\.m2\repository\org\seleniumhq\selenium\selenium-firefox-driver\4.12.1\selenium-firefox-driver-4.12.1.jar;C:\Users\Santosh Sharma\.m2\repository\org\seleniumhq\selenium\selenium-http\4.12.1\selenium-http-4.12.1.jar;C:\Users\Santosh Sharma\.m2\repository\dev\failsafe\failsafe\3.3.2\failsafe-3.3.2.jar;C:\Users\Santosh Sharma\.m2\repository\org\seleniumhq\selenium\selenium-ie-driver\4.12.1\selenium-ie-driver-4.12.1.jar;C:\Users\Santosh Sharma\.m2\repository\org\seleniumhq\selenium\selenium-remote-driver\4.12.1\selenium-remote-driver-4.12.1.jar;C:\Users\Santosh Sharma\.m2\repository\io\netty\netty-buffer\4.1.96.Final\netty-buffer-4.1.96.Final.jar;C:\Users\Santosh Sharma\.m2\repository\io\netty\netty-codec-http\4.1.96.Final\netty-codec-http-4.1.96.Final.jar;C:\Users\Santosh Sharma\.m2\repository\io\netty\netty-codec\4.1.96.Final\netty-codec-4.1.96.Final.jar;C:\Users\Santosh Sharma\.m2\repository\io\netty\netty-handler\4.1.96.Final\netty-handler-4.1.96.Final.jar;C:\Users\Santosh Sharma\.m2\repository\io\netty\netty-common\4.1.96.Final\netty-common-4.1.96.Final.jar;C:\Users\Santosh Sharma\.m2\repository\io\netty\netty-transport-classes-epoll\4.1.96.Final\netty-transport-classes-epoll-4.1.96.Final.jar;C:\Users\Santosh Sharma\.m2\repository\io\netty\netty-transport-classes-kqueue\4.1.96.Final\netty-transport-classes-kqueue-4.1.96.Final.jar;C:\Users\Santosh Sharma\.m2\repository\io\netty\netty-transport-native-epoll\4.1.96.Final\netty-transport-native-epoll-4.1.96.Final.jar;C:\Users\Santosh Sharma\.m2\repository\io\netty\netty-transport-native-kqueue\4.1.96.Final\netty-transport-native-kqueue-4.1.96.Final.jar;C:\Users\Santosh Sharma\.m2\repository\io\netty\netty-transport-native-unix-common\4.1.96.Final\netty-transport-native-unix-common-4.1.96.Final.jar;C:\Users\Santosh Sharma\.m2\repository\io\netty\netty-transport\4.1.96.Final\netty-transport-4.1.96.Final.jar;C:\Users\Santosh Sharma\.m2\repository\io\netty\netty-resolver\4.1.96.Final\netty-resolver-4.1.96.Final.jar;C:\Users\Santosh Sharma\.m2\repository\io\opentelemetry\opentelemetry-api\1.28.0\opentelemetry-api-1.28.0.jar;C:\Users\Santosh Sharma\.m2\repository\io\opentelemetry\opentelemetry-context\1.28.0\opentelemetry-context-1.28.0.jar;C:\Users\Santosh Sharma\.m2\repository\io\opentelemetry\opentelemetry-exporter-logging\1.28.0\opentelemetry-exporter-logging-1.28.0.jar;C:\Users\Santosh Sharma\.m2\repository\io\opentelemetry\opentelemetry-sdk-metrics\1.28.0\opentelemetry-sdk-metrics-1.28.0.jar;C:\Users\Santosh Sharma\.m2\repository\io\opentelemetry\opentelemetry-extension-incubator\1.28.0-alpha\opentelemetry-extension-incubator-1.28.0-alpha.jar;C:\Users\Santosh Sharma\.m2\repository\io\opentelemetry\opentelemetry-sdk-logs\1.28.0\opentelemetry-sdk-logs-1.28.0.jar;C:\Users\Santosh Sharma\.m2\repository\io\opentelemetry\opentelemetry-sdk-common\1.28.0\opentelemetry-sdk-common-1.28.0.jar;C:\Users\Santosh Sharma\.m2\repository\io\opentelemetry\opentelemetry-sdk-extension-autoconfigure-spi\1.28.0\opentelemetry-sdk-extension-autoconfigure-spi-1.28.0.jar;C:\Users\Santosh Sharma\.m2\repository\io\opentelemetry\opentelemetry-sdk-extension-autoconfigure\1.28.0\opentelemetry-sdk-extension-autoconfigure-1.28.0.jar;C:\Users\Santosh Sharma\.m2\repository\io\opentelemetry\opentelemetry-api-events\1.28.0-alpha\opentelemetry-api-events-1.28.0-alpha.jar;C:\Users\Santosh Sharma\.m2\repository\io\opentelemetry\opentelemetry-sdk-trace\1.28.0\opentelemetry-sdk-trace-1.28.0.jar;C:\Users\Santosh Sharma\.m2\repository\io\opentelemetry\opentelemetry-sdk\1.28.0\opentelemetry-sdk-1.28.0.jar;C:\Users\Santosh Sharma\.m2\repository\io\opentelemetry\opentelemetry-semconv\1.28.0-alpha\opentelemetry-semconv-1.28.0-alpha.jar;C:\Users\Santosh Sharma\.m2\repository\net\bytebuddy\byte-buddy\1.14.5\byte-buddy-1.14.5.jar;C:\Users\Santosh Sharma\.m2\repository\org\asynchttpclient\async-http-client\2.12.3\async-http-client-2.12.3.jar;C:\Users\Santosh Sharma\.m2\repository\org\asynchttpclient\async-http-client-netty-utils\2.12.3\async-http-client-netty-utils-2.12.3.jar;C:\Users\Santosh Sharma\.m2\repository\io\netty\netty-codec-socks\4.1.60.Final\netty-codec-socks-4.1.60.Final.jar;C:\Users\Santosh Sharma\.m2\repository\io\netty\netty-handler-proxy\4.1.60.Final\netty-handler-proxy-4.1.60.Final.jar;C:\Users\Santosh Sharma\.m2\repository\io\netty\netty-transport-native-epoll\4.1.60.Final\netty-transport-native-epoll-4.1.60.Final-linux-x86_64.jar;C:\Users\Santosh Sharma\.m2\repository\io\netty\netty-transport-native-kqueue\4.1.60.Final\netty-transport-native-kqueue-4.1.60.Final-osx-x86_64.jar;C:\Users\Santosh Sharma\.m2\repository\org\reactivestreams\reactive-streams\1.0.3\reactive-streams-1.0.3.jar;C:\Users\Santosh Sharma\.m2\repository\com\typesafe\netty\netty-reactive-streams\2.0.4\netty-reactive-streams-2.0.4.jar;C:\Users\Santosh Sharma\.m2\repository\com\sun\activation\jakarta.activation\1.2.2\jakarta.activation-1.2.2.jar;C:\Users\Santosh Sharma\.m2\repository\org\seleniumhq\selenium\selenium-os\4.12.1\selenium-os-4.12.1.jar;C:\Users\Santosh Sharma\.m2\repository\org\apache\commons\commons-exec\1.3\commons-exec-1.3.jar;C:\Users\Santosh Sharma\.m2\repository\org\seleniumhq\selenium\selenium-safari-driver\4.12.1\selenium-safari-driver-4.12.1.jar;C:\Users\Santosh Sharma\.m2\repository\org\seleniumhq\selenium\selenium-support\4.12.1\selenium-support-4.12.1.jar;C:\Users\Santosh Sharma\.m2\repository\io\cucumber\cucumber-java\7.14.0\cucumber-java-7.14.0.jar;C:\Users\Santosh Sharma\.m2\repository\org\apiguardian\apiguardian-api\1.1.2\apiguardian-api-1.1.2.jar;C:\Users\Santosh Sharma\.m2\repository\io\github\bonigarcia\webdrivermanager\5.5.3\webdrivermanager-5.5.3.jar;C:\Users\Santosh Sharma\.m2\repository\org\slf4j\slf4j-api\2.0.7\slf4j-api-2.0.7.jar;C:\Users\Santosh Sharma\.m2\repository\com\google\code\gson\gson\2.10.1\gson-2.10.1.jar;C:\Users\Santosh Sharma\.m2\repository\com\github\docker-java\docker-java\3.3.3\docker-java-3.3.3.jar;C:\Users\Santosh Sharma\.m2\repository\com\github\docker-java\docker-java-core\3.3.3\docker-java-core-3.3.3.jar;C:\Users\Santosh Sharma\.m2\repository\com\github\docker-java\docker-java-api\3.3.3\docker-java-api-3.3.3.jar;C:\Users\Santosh Sharma\.m2\repository\org\apache\commons\commons-compress\1.21\commons-compress-1.21.jar;C:\Users\Santosh Sharma\.m2\repository\org\bouncycastle\bcpkix-jdk18on\1.75\bcpkix-jdk18on-1.75.jar;C:\Users\Santosh Sharma\.m2\repository\org\bouncycastle\bcprov-jdk18on\1.75\bcprov-jdk18on-1.75.jar;C:\Users\Santosh Sharma\.m2\repository\org\bouncycastle\bcutil-jdk18on\1.75\bcutil-jdk18on-1.75.jar;C:\Users\Santosh Sharma\.m2\repository\org\slf4j\jcl-over-slf4j\1.7.30\jcl-over-slf4j-1.7.30.jar;C:\Users\Santosh Sharma\.m2\repository\com\github\docker-java\docker-java-transport-httpclient5\3.3.3\docker-java-transport-httpclient5-3.3.3.jar;C:\Users\Santosh Sharma\.m2\repository\com\github\docker-java\docker-java-transport\3.3.3\docker-java-transport-3.3.3.jar;C:\Users\Santosh Sharma\.m2\repository\net\java\dev\jna\jna\5.12.1\jna-5.12.1.jar;C:\Users\Santosh Sharma\.m2\repository\org\brotli\dec\0.1.2\dec-0.1.2.jar;C:\Users\Santosh Sharma\.m2\repository\org\apache\commons\commons-lang3\3.13.0\commons-lang3-3.13.0.jar;C:\Users\Santosh Sharma\.m2\repository\org\apache\httpcomponents\client5\httpclient5\5.2.1\httpclient5-5.2.1.jar;C:\Users\Santosh Sharma\.m2\repository\org\apache\httpcomponents\core5\httpcore5\5.2\httpcore5-5.2.jar;C:\Users\Santosh Sharma\.m2\repository\org\apache\httpcomponents\core5\httpcore5-h2\5.2\httpcore5-h2-5.2.jar;C:\Users\Santosh Sharma\.m2\repository\io\cucumber\cucumber-core\7.14.0\cucumber-core-7.14.0.jar;C:\Users\Santosh Sharma\.m2\repository\io\cucumber\cucumber-gherkin\7.14.0\cucumber-gherkin-7.14.0.jar;C:\Users\Santosh Sharma\.m2\repository\io\cucumber\cucumber-gherkin-messages\7.14.0\cucumber-gherkin-messages-7.14.0.jar;C:\Users\Santosh Sharma\.m2\repository\io\cucumber\messages\22.0.0\messages-22.0.0.jar;C:\Users\Santosh Sharma\.m2\repository\io\cucumber\tag-expressions\5.0.6\tag-expressions-5.0.6.jar;C:\Users\Santosh Sharma\.m2\repository\io\cucumber\cucumber-expressions\16.1.2\cucumber-expressions-16.1.2.jar;C:\Users\Santosh Sharma\.m2\repository\io\cucumber\datatable\7.14.0\datatable-7.14.0.jar;C:\Users\Santosh Sharma\.m2\repository\io\cucumber\cucumber-plugin\7.14.0\cucumber-plugin-7.14.0.jar;C:\Users\Santosh Sharma\.m2\repository\io\cucumber\docstring\7.14.0\docstring-7.14.0.jar;C:\Users\Santosh Sharma\.m2\repository\io\cucumber\html-formatter\20.4.0\html-formatter-20.4.0.jar;C:\Users\Santosh Sharma\.m2\repository\io\cucumber\junit-xml-formatter\0.2.0\junit-xml-formatter-0.2.0.jar;C:\Users\Santosh Sharma\.m2\repository\io\cucumber\ci-environment\9.2.0\ci-environment-9.2.0.jar;C:\Users\Santosh Sharma\.m2\repository\io\cucumber\cucumber-html\0.2.7\cucumber-html-0.2.7.jar;C:\Users\Santosh Sharma\.m2\repository\io\cucumber\cucumber-junit\7.14.0\cucumber-junit-7.14.0.jar;C:\Users\Santosh Sharma\.m2\repository\junit\junit\4.13.2\junit-4.13.2.jar;C:\Users\Santosh Sharma\.m2\repository\org\hamcrest\hamcrest-core\1.3\hamcrest-core-1.3.jar;C:\Users\Santosh Sharma\.m2\repository\net\masterthought\cucumber-reporting\5.7.5\cucumber-reporting-5.7.5.jar;C:\Users\Santosh Sharma\.m2\repository\com\fasterxml\jackson\core\jackson-databind\2.13.2.2\jackson-databind-2.13.2.2.jar;C:\Users\Santosh Sharma\.m2\repository\com\fasterxml\jackson\core\jackson-annotations\2.13.2\jackson-annotations-2.13.2.jar;C:\Users\Santosh Sharma\.m2\repository\com\fasterxml\jackson\core\jackson-core\2.13.2\jackson-core-2.13.2.jar;C:\Users\Santosh Sharma\.m2\repository\com\fasterxml\jackson\datatype\jackson-datatype-jsr310\2.13.2\jackson-datatype-jsr310-2.13.2.jar;C:\Users\Santosh Sharma\.m2\repository\org\apache\velocity\velocity-engine-core\2.3\velocity-engine-core-2.3.jar;C:\Users\Santosh Sharma\.m2\repository\org\apache\commons\commons-collections4\4.4\commons-collections4-4.4.jar;C:\Users\Santosh Sharma\.m2\repository\joda-time\joda-time\2.12.2\joda-time-2.12.2.jar;C:\Users\Santosh Sharma\.m2\repository\commons-io\commons-io\2.7\commons-io-2.7.jar;C:\Users\Santosh Sharma\.m2\repository\org\codehaus\plexus\plexus-utils\3.5.0\plexus-utils-3.5.0.jar;C:\Users\Santosh Sharma\.m2\repository\org\jsoup\jsoup\1.15.4\jsoup-1.15.4.jar;C:\Users\Santosh Sharma\.m2\repository\com\googlecode\owasp-java-html-sanitizer\owasp-java-html-sanitizer\20220608.1\owasp-java-html-sanitizer-20220608.1.jar;C:\Users\Santosh Sharma\.m2\repository\commons-configuration\commons-configuration\1.10\commons-configuration-1.10.jar;C:\Users\Santosh Sharma\.m2\repository\commons-lang\commons-lang\2.6\commons-lang-2.6.jar;C:\Users\Santosh Sharma\.m2\repository\commons-logging\commons-logging\1.1.1\commons-logging-1.1.1.jar;C:\Users\Santosh Sharma\.m2\repository\io\cucumber\gherkin\26.2.0\gherkin-26.2.0.jar;C:\Users\Santosh Sharma\.m2\repository\com\github\javafaker\javafaker\1.0.2\javafaker-1.0.2.jar;C:\Users\Santosh Sharma\.m2\repository\org\yaml\snakeyaml\1.23\snakeyaml-1.23-android.jar;C:\Users\Santosh Sharma\.m2\repository\com\github\mifmif\generex\1.0.2\generex-1.0.2.jar;C:\Users\Santosh Sharma\.m2\repository\dk\brics\automaton\automaton\1.11-8\automaton-1.11-8.jar;C:\Users\Santosh Sharma\.m2\repository\tech\grasshopper\extentreports-cucumber7-adapter\1.14.0\extentreports-cucumber7-adapter-1.14.0.jar;C:\Users\Santosh Sharma\.m2\repository\com\aventstack\extentreports\5.1.0\extentreports-5.1.0.jar;C:\Users\Santosh Sharma\.m2\repository\io\reactivex\rxjava3\rxjava\3.1.6\rxjava-3.1.6.jar;C:\Users\Santosh Sharma\.m2\repository\org\freemarker\freemarker\2.3.32\freemarker-2.3.32.jar;C:\Users\Santosh Sharma\.m2\repository\org\projectlombok\lombok\1.18.26\lombok-1.18.26.jar;C:\Users\Santosh Sharma\.m2\repository\tech\grasshopper\extent-pdf-report\2.12.0\extent-pdf-report-2.12.0.jar;C:\Users\Santosh Sharma\.m2\repository\tech\grasshopper\cucumber-pdf-report\2.14.0\cucumber-pdf-report-2.14.0.jar;C:\Users\Santosh Sharma\.m2\repository\org\apache\pdfbox\pdfbox\2.0.26\pdfbox-2.0.26.jar;C:\Users\Santosh Sharma\.m2\repository\org\apache\pdfbox\fontbox\2.0.26\fontbox-2.0.26.jar;C:\Users\Santosh Sharma\.m2\repository\org\knowm\xchart\xchart\3.8.0\xchart-3.8.0.jar;C:\Users\Santosh Sharma\.m2\repository\de\erichseifert\vectorgraphics2d\VectorGraphics2D\0.13\VectorGraphics2D-0.13.jar;C:\Users\Santosh Sharma\.m2\repository\de\rototor\pdfbox\graphics2d\0.30\graphics2d-0.30.jar;C:\Users\Santosh Sharma\.m2\repository\com\madgag\animated-gif-lib\1.4\animated-gif-lib-1.4.jar;C:\Users\Santosh Sharma\.m2\repository\org\yaml\snakeyaml\2.0\snakeyaml-2.0.jar;C:\Users\Santosh Sharma\.m2\repository\tech\grasshopper\table-layout\1.5.1\table-layout-1.5.1.jar;C:\Users\Santosh Sharma\.m2\repository\tech\grasshopper\rest-assured-cucumber-pdf-report\1.5.0\rest-assured-cucumber-pdf-report-1.5.0.jar;C:\Users\Santosh Sharma\.m2\repository\com\aventstack\klov-reporter\5.1.0\klov-reporter-5.1.0.jar;C:\Users\Santosh Sharma\.m2\repository\org\mongodb\mongodb-driver\3.6.4\mongodb-driver-3.6.4.jar;C:\Users\Santosh Sharma\.m2\repository\org\mongodb\mongodb-driver-core\3.6.4\mongodb-driver-core-3.6.4.jar;C:\Users\Santosh Sharma\.m2\repository\org\mongodb\bson\3.6.4\bson-3.6.4.jar;C:\Users\Santosh Sharma\.m2\repository\org\apache\httpcomponents\httpclient\4.5.13\httpclient-4.5.13.jar;C:\Users\Santosh Sharma\.m2\repository\org\apache\httpcomponents\httpcore\4.4.13\httpcore-4.4.13.jar;C:\Users\Santosh Sharma\.m2\repository\commons-codec\commons-codec\1.11\commons-codec-1.11.jar;C:\Users\Santosh Sharma\.m2\repository\org\apache\httpcomponents\httpmime\4.5.13\httpmime-4.5.13.jar;C:\Users\Santosh Sharma\.m2\repository\tech\grasshopper\htmlextentreporter\1.1.0\htmlextentreporter-1.1.0.jar;C:\Users\Santosh Sharma\.m2\repository\tech\grasshopper\extent-excel-report\1.4.0\extent-excel-report-1.4.0.jar;C:\Users\Santosh Sharma\.m2\repository\org\apache\poi\poi\5.2.3\poi-5.2.3.jar;C:\Users\Santosh Sharma\.m2\repository\org\apache\commons\commons-math3\3.6.1\commons-math3-3.6.1.jar;C:\Users\Santosh Sharma\.m2\repository\com\zaxxer\SparseBitSet\1.2\SparseBitSet-1.2.jar;C:\Users\Santosh Sharma\.m2\repository\org\apache\logging\log4j\log4j-api\2.18.0\log4j-api-2.18.0.jar;C:\Users\Santosh Sharma\.m2\repository\org\apache\poi\poi-ooxml\5.2.3\poi-ooxml-5.2.3.jar;C:\Users\Santosh Sharma\.m2\repository\org\apache\poi\poi-ooxml-lite\5.2.3\poi-ooxml-lite-5.2.3.jar;C:\Users\Santosh Sharma\.m2\repository\org\apache\xmlbeans\xmlbeans\5.1.1\xmlbeans-5.1.1.jar;C:\Users\Santosh Sharma\.m2\repository\com\github\virtuald\curvesapi\1.07\curvesapi-1.07.jar;"/>
    <property name="sun.cpu.endian" value="little"/>
    <property name="user.home" value="C:\Users\Santosh Sharma"/>
    <property name="user.language" value="en"/>
    <property name="java.specification.vendor" value="Oracle Corporation"/>
    <property name="java.version.date" value="2022-04-22"/>
    <property name="java.home" value="C:\Program Files\Java\jdk-17.0.3.1"/>
    <property name="file.separator" value="\"/>
    <property name="basedir" value="A:\BDDProjects\ecommerce"/>
    <property name="java.vm.compressedOopsMode" value="32-bit"/>
    <property name="line.separator" value="&#10;"/>
    <property name="java.vm.specification.vendor" value="Oracle Corporation"/>
    <property name="java.specification.name" value="Java Platform API Specification"/>
    <property name="surefire.real.class.path" value="C:\Users\Santosh Sharma\AppData\Local\Temp\surefire13792299128491786255\surefirebooter-20231114134130377_3.jar"/>
    <property name="user.script" value=""/>
    <property name="sun.management.compiler" value="HotSpot 64-Bit Tiered Compilers"/>
    <property name="java.runtime.version" value="17.0.3.1+2-LTS-6"/>
    <property name="user.name" value="Santosh Sharma"/>
    <property name="path.separator" value=";"/>
    <property name="os.version" value="10.0"/>
    <property name="java.runtime.name" value="Java(TM) SE Runtime Environment"/>
    <property name="file.encoding" value="Cp1252"/>
    <property name="java.vm.name" value="Java HotSpot(TM) 64-Bit Server VM"/>
    <property name="localRepository" value="C:\Users\Santosh Sharma\.m2\repository"/>
    <property name="java.vendor.url.bug" value="https://bugreport.java.com/bugreport/"/>
    <property name="java.io.tmpdir" value="C:\Users\SANTOS~1\AppData\Local\Temp\"/>
    <property name="java.version" value="17.0.3.1"/>
    <property name="user.dir" value="A:\BDDProjects\ecommerce"/>
    <property name="os.arch" value="amd64"/>
    <property name="java.vm.specification.name" value="Java Virtual Machine Specification"/>
    <property name="sun.os.patch.level" value=""/>
    <property name="native.encoding" value="Cp1252"/>
    <property name="java.library.path" value="C:\Program Files\Java\jdk-17.0.3.1\bin;C:\WINDOWS\Sun\Java\bin;C:\WINDOWS\system32;C:\WINDOWS;C:\anaconda3\condabin;C:\Program Files\Common Files\Oracle\Java\javapath;C:\Program Files\Python39\Scripts;C:\Program Files\Python39;C:\ProgramData\Oracle\Java\javapath;C:\Program Files (x86)\Lenovo\FusionEngine;C:\WINDOWS\system32;C:\WINDOWS;C:\WINDOWS\System32\Wbem;C:\WINDOWS\System32\WindowsPowerShell\v1.0;C:\WINDOWS\System32\OpenSSH;C:\Program Files\Intel\WiFi\bin;C:\Program Files\Common Files\Intel\WirelessCommon;C:\Program Files\Notepad++;C:\Program Files\Microsoft SQL Server\130\Tools\Binn;C:\Program Files\Git\cmd;C:\Program Files\Java\jdk-17.0.3.1\bin;C:\apache-maven-3.8.5\bin;C:\Program Files\dotnet;C:\Program Files\nodejs;C:\Program Files\nodejs\node_modules;C:\gradle-8.1.1\bin;C:\Program Files\MySQL\MySQL Shell 8.0\bin;C:\Users\Santosh Sharma\AppData\Local\Microsoft\WindowsApps;C:\Program Files\Intel\WiFi\bin;C:\Program Files\Common Files\Intel\WirelessCommon;C:\Users\Santosh Sharma\AppData\Local\Programs\Microsoft VS Code\bin;C:\Program Files\heroku\bin;C:\Users\Santosh Sharma\.dotnet\tools;C:\Program Files\JetBrains\PyCharm Community Edition 2021.3.2\bin;.;C:\Program Files\Java\jre1.8.0_251\bin;C:\Users\Santosh Sharma\AppData\Roaming\npm;C:\Program Files\JetBrains\IntelliJ IDEA Community Edition 2023.2.3\bin;.;."/>
    <property name="java.vm.info" value="mixed mode, sharing"/>
    <property name="java.vendor" value="Oracle Corporation"/>
    <property name="java.vm.version" value="17.0.3.1+2-LTS-6"/>
    <property name="sun.io.unicode.encoding" value="UnicodeLittle"/>
    <property name="java.class.version" value="61.0"/>
  </properties>
  <testcase name="Add product to cart" classname="Shopping cart feature" time="37.563">
    <system-out><![CDATA[
Scenario: Add product to cart                                              # src/test/resources/features/Cart.feature:10
  Given user is on the application home page                               # com.ecommerce.stepdefinitions.UserLoginAndRegistrationSteps.user_is_on_the_application_home_page()
  When user enters item in search bar and submits                          # com.ecommerce.stepdefinitions.CartSteps.user_enters_item_in_search_bar_and_submits()
  And user clicks the item                                                 # com.ecommerce.stepdefinitions.CartSteps.user_clicks_the_item()
  When user is on the product details page and select color, size for item # com.ecommerce.stepdefinitions.CartSteps.user_is_on_the_product_details_page_and_select_color_size_for_item()
  And user clicks the add to cart button                                   # com.ecommerce.stepdefinitions.CartSteps.user_clicks_the_add_to_cart_button()
  Then the product should be added to the cart                             # com.ecommerce.stepdefinitions.CartSteps.the_product_should_be_added_to_the_cart()
  And the cart should display correct quantity of the added product as "1" # com.ecommerce.stepdefinitions.CartSteps.the_cart_should_display_correct_quantity_of_the_added_product_as(java.lang.String)
  And the cart should show the price of the product                        # com.ecommerce.stepdefinitions.CartSteps.the_cart_should_show_the_price_of_the_product()
]]></system-out>
    <system-err><![CDATA[SLF4J: No SLF4J providers were found.
SLF4J: Defaulting to no-operation (NOP) logger implementation
SLF4J: See https://www.slf4j.org/codes.html#noProviders for further details.
ERROR StatusLogger Log4j2 could not find a logging implementation. Please add log4j-core to the classpath. Using SimpleLogger to log to the console...
Nov 14, 2023 1:41:43 PM org.openqa.selenium.devtools.CdpVersionFinder findNearestMatch
WARNING: Unable to find an exact match for CDP version 119, so returning the closest version found: 116
]]></system-err>
  </testcase>
  <testcase name="Remove product from the cart" classname="Shopping cart feature" time="36.883">
    <system-out><![CDATA[
Scenario: Remove product from the cart                                                 # src/test/resources/features/Cart.feature:17
  Given user is on the application home page                                           # com.ecommerce.stepdefinitions.UserLoginAndRegistrationSteps.user_is_on_the_application_home_page()
  When user enters item in search bar and submits                                      # com.ecommerce.stepdefinitions.CartSteps.user_enters_item_in_search_bar_and_submits()
  And user clicks the item                                                             # com.ecommerce.stepdefinitions.CartSteps.user_clicks_the_item()
  When user add product to the cart and navigates to the cart page                     # com.ecommerce.stepdefinitions.CartSteps.user_add_product_to_the_cart_and_navigates_to_the_cart_page()
  And user clicks the item remove button                                               # com.ecommerce.stepdefinitions.CartSteps.user_clicks_the_item_remove_button()
  Then the cart page should display message "You have no items in your shopping cart." # com.ecommerce.stepdefinitions.CartSteps.the_cart_page_should_display_message(java.lang.String)
]]></system-out>
    <system-err><![CDATA[Nov 14, 2023 1:42:14 PM org.openqa.selenium.devtools.CdpVersionFinder findNearestMatch
WARNING: Unable to find an exact match for CDP version 119, so returning the closest version found: 116
]]></system-err>
  </testcase>
  <testcase name="Add multiple products to the cart" classname="Shopping cart feature" time="39.951">
    <system-out><![CDATA[
Scenario: Add multiple products to the cart          # src/test/resources/features/Cart.feature:22
  Given user is on the application home page         # com.ecommerce.stepdefinitions.UserLoginAndRegistrationSteps.user_is_on_the_application_home_page()
  When user enters item in search bar and submits    # com.ecommerce.stepdefinitions.CartSteps.user_enters_item_in_search_bar_and_submits()
  And user clicks the item                           # com.ecommerce.stepdefinitions.CartSteps.user_clicks_the_item()
  When user add first product sweatshirt to the cart # com.ecommerce.stepdefinitions.CartSteps.user_add_first_product_sweatshirt_to_the_cart()
  And user adds second product backpack to the cart  # com.ecommerce.stepdefinitions.CartSteps.user_adds_second_product_backpack_to_the_cart()
  Then cart should have multiple product             # com.ecommerce.stepdefinitions.CartSteps.cart_should_have_multiple_product()
]]></system-out>
    <system-err><![CDATA[Nov 14, 2023 1:42:52 PM org.openqa.selenium.devtools.CdpVersionFinder findNearestMatch
WARNING: Unable to find an exact match for CDP version 119, so returning the closest version found: 116
]]></system-err>
  </testcase>
  <testcase name="Update quantity of product" classname="Shopping cart feature" time="40.853">
    <system-out><![CDATA[
Scenario: Update quantity of product                                       # src/test/resources/features/Cart.feature:27
  Given user is on the application home page                               # com.ecommerce.stepdefinitions.UserLoginAndRegistrationSteps.user_is_on_the_application_home_page()
  When user enters item in search bar and submits                          # com.ecommerce.stepdefinitions.CartSteps.user_enters_item_in_search_bar_and_submits()
  And user clicks the item                                                 # com.ecommerce.stepdefinitions.CartSteps.user_clicks_the_item()
  When user is on the cart page                                            # com.ecommerce.stepdefinitions.CartSteps.user_is_on_the_cart_page()
  And user changes the quantity to "2" of the product in the cart          # com.ecommerce.stepdefinitions.CartSteps.user_changes_the_quantity_to_of_the_product_in_the_cart(java.lang.String)
  Then the cart should display the correct quantity of the updated product # com.ecommerce.stepdefinitions.CartSteps.the_cart_should_display_the_correct_quantity_of_the_updated_product()
  And the cart should update the total price based on the new quantity     # com.ecommerce.stepdefinitions.CartSteps.the_cart_should_update_the_total_price_based_on_the_new_quantity()
]]></system-out>
    <system-err><![CDATA[Nov 14, 2023 1:43:31 PM org.openqa.selenium.devtools.CdpVersionFinder findNearestMatch
WARNING: Unable to find an exact match for CDP version 119, so returning the closest version found: 116
]]></system-err>
  </testcase>
  <testcase name="Successful checkout process" classname="Checkout process feature" time="87.929">
    <system-out><![CDATA[
Scenario: Successful checkout process                                            # src/test/resources/features/CheckoutProcess.feature:5
  Given user is on the application home page                                     # com.ecommerce.stepdefinitions.UserLoginAndRegistrationSteps.user_is_on_the_application_home_page()
  When user seraches for "sweatshirt" and click on the item from search results  # com.ecommerce.stepdefinitions.CheckoutProcessSteps.user_seraches_for_and_click_on_the_item_from_search_results(java.lang.String)
  And user selects size as "M" color as "Orange" and quantity as 1               # com.ecommerce.stepdefinitions.CheckoutProcessSteps.user_selects_size_as_color_as_and_quantity_as(java.lang.String,java.lang.String,java.lang.Integer)
  And user adds product to shopping cart                                         # com.ecommerce.stepdefinitions.CheckoutProcessSteps.user_adds_product_to_shopping_cart()
  And user navigates to checkout page                                            # com.ecommerce.stepdefinitions.CheckoutProcessSteps.user_navigates_to_checkout_page()
  And user enters shipping details                                               # com.ecommerce.stepdefinitions.CheckoutProcessSteps.user_enters_shipping_details()
  And user clicks on the place order button                                      # com.ecommerce.stepdefinitions.CheckoutProcessSteps.user_clicks_on_the_place_order_button()
  Then system should display confirmation message "Thank you for your purchase!" # com.ecommerce.stepdefinitions.CheckoutProcessSteps.system_should_display_confirmation_message(java.lang.String)
]]></system-out>
    <system-err><![CDATA[Nov 14, 2023 1:44:12 PM org.openqa.selenium.devtools.CdpVersionFinder findNearestMatch
WARNING: Unable to find an exact match for CDP version 119, so returning the closest version found: 116
]]></system-err>
  </testcase>
  <testcase name="Product search using valid keyword" classname="Product search feature" time="15.201">
    <system-out><![CDATA[
Scenario: Product search using valid keyword                                     # src/test/resources/features/SearchProduct.feature:8
  Given user is on the application home page                                     # com.ecommerce.stepdefinitions.UserLoginAndRegistrationSteps.user_is_on_the_application_home_page()
  When user enters keyword "sweatshirt" in the search bar and submits the search # com.ecommerce.stepdefinitions.SearchProductSteps.user_enters_keyword_in_the_search_bar_and_submits_the_search(java.lang.String)
  Then the search result page should display product                             # com.ecommerce.stepdefinitions.SearchProductSteps.the_search_result_page_should_display_product()
  And the displayed product should have entered keyword "sweatshirt" in the name # com.ecommerce.stepdefinitions.SearchProductSteps.the_displayed_product_should_have_entered_keyword_in_the_name(java.lang.String)
]]></system-out>
    <system-err><![CDATA[Nov 14, 2023 1:45:41 PM org.openqa.selenium.devtools.CdpVersionFinder findNearestMatch
WARNING: Unable to find an exact match for CDP version 119, so returning the closest version found: 116
]]></system-err>
  </testcase>
  <testcase name="Product search using partial keyword" classname="Product search feature" time="17.493">
    <failure type="java.lang.AssertionError"><![CDATA[java.lang.AssertionError
	at org.junit.Assert.fail(Assert.java:87)
	at org.junit.Assert.assertTrue(Assert.java:42)
	at org.junit.Assert.assertTrue(Assert.java:53)
	at com.ecommerce.stepdefinitions.SearchProductSteps.search_result_page_should_not_contain_products_that_do_not_have_partial_keyword_in_the_name(SearchProductSteps.java:63)
	at ✽.search result page should not contain products that do not have partial keyword "sweat" in the name(file:///A:/BDDProjects/ecommerce/src/test/resources/features/SearchProduct.feature:16)
]]></failure>
    <system-out><![CDATA[
Scenario: Product search using partial keyword                                                            # src/test/resources/features/SearchProduct.feature:13
  Given user is on the application home page                                                              # com.ecommerce.stepdefinitions.UserLoginAndRegistrationSteps.user_is_on_the_application_home_page()
  When user enters partial keyword "sweat" in the search bar and submits the search                       # com.ecommerce.stepdefinitions.SearchProductSteps.user_enters_partial_keyword_in_the_search_bar_and_submits_the_search(java.lang.String)
  Then the search result page should display the products with keyword "sweat" in the name                # com.ecommerce.stepdefinitions.SearchProductSteps.the_search_result_page_should_display_the_products_with_keyword_in_the_name(java.lang.String)
  And search result page should not contain products that do not have partial keyword "sweat" in the name # com.ecommerce.stepdefinitions.SearchProductSteps.search_result_page_should_not_contain_products_that_do_not_have_partial_keyword_in_the_name(java.lang.String)
      java.lang.AssertionError
	at org.junit.Assert.fail(Assert.java:87)
	at org.junit.Assert.assertTrue(Assert.java:42)
	at org.junit.Assert.assertTrue(Assert.java:53)
	at com.ecommerce.stepdefinitions.SearchProductSteps.search_result_page_should_not_contain_products_that_do_not_have_partial_keyword_in_the_name(SearchProductSteps.java:63)
	at âœ½.search result page should not contain products that do not have partial keyword "sweat" in the name(file:///A:/BDDProjects/ecommerce/src/test/resources/features/SearchProduct.feature:16)


    Embedding Product_search_using_partial_keyword [image/png 64618 bytes]

]]></system-out>
    <system-err><![CDATA[Nov 14, 2023 1:45:55 PM org.openqa.selenium.devtools.CdpVersionFinder findNearestMatch
WARNING: Unable to find an exact match for CDP version 119, so returning the closest version found: 116
]]></system-err>
  </testcase>
  <testcase name="Product search using case-insensitive keyword" classname="Product search feature" time="14.726">
    <system-out><![CDATA[
Scenario: Product search using case-insensitive keyword                                          # src/test/resources/features/SearchProduct.feature:18
  Given user is on the application home page                                                     # com.ecommerce.stepdefinitions.UserLoginAndRegistrationSteps.user_is_on_the_application_home_page()
  When user enters keyword with mixed case "sWeaTshiRT" in the search bar and submits the search # com.ecommerce.stepdefinitions.SearchProductSteps.user_enters_keyword_with_mixed_case_in_the_search_bar_and_submits_the_search(java.lang.String)
  Then the search result page should display the products regardless of keyword case             # com.ecommerce.stepdefinitions.SearchProductSteps.the_search_result_page_should_display_the_products_regardless_of_keyword_case()
]]></system-out>
    <system-err><![CDATA[Nov 14, 2023 1:46:13 PM org.openqa.selenium.devtools.CdpVersionFinder findNearestMatch
WARNING: Unable to find an exact match for CDP version 119, so returning the closest version found: 116
]]></system-err>
  </testcase>
  <testcase name="Product search with valid keyword for no matching product" classname="Product search feature" time="16.362">
    <system-out><![CDATA[
Scenario: Product search with valid keyword for no matching product                                   # src/test/resources/features/SearchProduct.feature:22
  Given user is on the application home page                                                          # com.ecommerce.stepdefinitions.UserLoginAndRegistrationSteps.user_is_on_the_application_home_page()
  When user enters valid keyword "volleyball" that does not match any products and submits the search # com.ecommerce.stepdefinitions.SearchProductSteps.user_enters_valid_keyword_that_does_not_match_any_products_and_submits_the_search(java.lang.String)
  Then a message should displayed indicating "Your search returned no results"                        # com.ecommerce.stepdefinitions.SearchProductSteps.a_message_should_displayed_indicating(java.lang.String)
]]></system-out>
    <system-err><![CDATA[Nov 14, 2023 1:46:27 PM org.openqa.selenium.devtools.CdpVersionFinder findNearestMatch
WARNING: Unable to find an exact match for CDP version 119, so returning the closest version found: 116
]]></system-err>
  </testcase>
  <testcase name="Product search with multiple keywords" classname="Product search feature" time="19.15">
    <system-out><![CDATA[
Scenario: Product search with multiple keywords                                                                 # src/test/resources/features/SearchProduct.feature:26
  Given user is on the application home page                                                                    # com.ecommerce.stepdefinitions.UserLoginAndRegistrationSteps.user_is_on_the_application_home_page()
  When user enters multiple keywords "blue jacket" in the search bar and submits the search                     # com.ecommerce.stepdefinitions.SearchProductSteps.user_enters_multiple_keywords_in_the_search_bar_and_submits_the_search(java.lang.String)
  Then the search result page should display products contain any of the entered keyword in name or description # com.ecommerce.stepdefinitions.SearchProductSteps.the_search_result_page_should_display_products_contain_any_of_the_entered_keyword_in_name_or_description()
]]></system-out>
    <system-err><![CDATA[Nov 14, 2023 1:46:45 PM org.openqa.selenium.devtools.CdpVersionFinder findNearestMatch
WARNING: Unable to find an exact match for CDP version 119, so returning the closest version found: 116
]]></system-err>
  </testcase>
  <testcase name="Test user login with valid credentials" classname="User login and registration feature" time="17.483">
    <system-out><![CDATA[
Scenario: Test user login with valid credentials # src/test/resources/features/UserLoginAndRegistration.feature:9
  Given user is on the application home page     # com.ecommerce.stepdefinitions.UserLoginAndRegistrationSteps.user_is_on_the_application_home_page()
  When user navigates to login page              # com.ecommerce.stepdefinitions.UserLoginAndRegistrationSteps.user_navigates_to_login_page()
  And user login with valid email and password   # com.ecommerce.stepdefinitions.UserLoginAndRegistrationSteps.user_login_with_valid_email_and_password()
  Then user should able to login                 # com.ecommerce.stepdefinitions.UserLoginAndRegistrationSteps.user_should_able_to_login()
]]></system-out>
    <system-err><![CDATA[Nov 14, 2023 1:47:02 PM org.openqa.selenium.devtools.CdpVersionFinder findNearestMatch
WARNING: Unable to find an exact match for CDP version 119, so returning the closest version found: 116
]]></system-err>
  </testcase>
  <testcase name="Test user login with invalid credentials" classname="User login and registration feature" time="19.99">
    <system-out><![CDATA[
Scenario: Test user login with invalid credentials # src/test/resources/features/UserLoginAndRegistration.feature:14
  Given user is on the application home page       # com.ecommerce.stepdefinitions.UserLoginAndRegistrationSteps.user_is_on_the_application_home_page()
  When user navigates to login page                # com.ecommerce.stepdefinitions.UserLoginAndRegistrationSteps.user_navigates_to_login_page()
  And user login with invalid email and password   # com.ecommerce.stepdefinitions.UserLoginAndRegistrationSteps.user_login_with_invalid_email_and_password()
  Then user should not able to login               # com.ecommerce.stepdefinitions.UserLoginAndRegistrationSteps.user_should_not_able_to_login()
]]></system-out>
    <system-err><![CDATA[Nov 14, 2023 1:47:20 PM org.openqa.selenium.devtools.CdpVersionFinder findNearestMatch
WARNING: Unable to find an exact match for CDP version 119, so returning the closest version found: 116
]]></system-err>
  </testcase>
  <testcase name="Test user register new account" classname="User login and registration feature" time="21.385">
    <system-out><![CDATA[
Scenario: Test user register new account                                                               # src/test/resources/features/UserLoginAndRegistration.feature:19
  Given user is on the application home page                                                           # com.ecommerce.stepdefinitions.UserLoginAndRegistrationSteps.user_is_on_the_application_home_page()
  When user navigates to new customer account page                                                     # com.ecommerce.stepdefinitions.UserLoginAndRegistrationSteps.user_navigates_to_new_customer_account_page()
  And user enter personal information                                                                  # com.ecommerce.stepdefinitions.UserLoginAndRegistrationSteps.user_enter_personal_information()
  And user enter sign-in information                                                                   # com.ecommerce.stepdefinitions.UserLoginAndRegistrationSteps.user_enter_sign_in_information()
  Then user should land on my account page and page title should be "My Account"                       # com.ecommerce.stepdefinitions.UserLoginAndRegistrationSteps.user_should_land_on_my_account_page_and_page_title_should_be(java.lang.String)
  And user account should be created with message "Thank you for registering with Main Website Store." # com.ecommerce.stepdefinitions.UserLoginAndRegistrationSteps.user_account_should_be_created_with_message(java.lang.String)
]]></system-out>
    <system-err><![CDATA[Nov 14, 2023 1:47:39 PM org.openqa.selenium.devtools.CdpVersionFinder findNearestMatch
WARNING: Unable to find an exact match for CDP version 119, so returning the closest version found: 116
]]></system-err>
  </testcase>
</testsuite>